=~=~=~=~=~=~=~=~=~=~=~= PuTTY log 2025.05.02 16:50:02 =~=~=~=~=~=~=~=~=~=~=~=
Parameters loaded from flash


==========================================
     PWM Control System with Serial UI    
==========================================
Current Parameters:
  Tolerance    : 0.1000
  Quad Buffer  : 10
  Null Buffer  : 50
  Peak Buffer  : 50
  Gain         : 8 (fixed)

Type 'help' for available commands
==========================================

SELECTED SETPOINT: NULL

Setpoint reached   :
Selected setpoint  : 0.0120 V
Read value         : 0.1110 V
Tolerance          : 0.1000 V
Difference         : 0.0990 V

help

--- COMMAND HELP ---
set tolerance [value]    - Set tolerance (0.0032 to 0.1)
set quad_buffer [value]  - Set quad buffer (5 to 100)
set null_buffer [value]  - Set null buffer (25 to 500)
set peak_buffer [value]  - Set peak buffer (25 to 500)
save                     - Save current parameters to flash memory
status                   - Show current parameter values
sweep                    - Force a new sweep operation
help                     - Show this help menu
TIP: Add --save to any set command to immediately save to flash
     Example: set tolerance 0.01 --save
--------------------

set tolerance 0.05
Tolerance set to: 0.0500 V
status

--- CURRENT PARAMETERS ---
Tolerance    : 0.0500
Quad Buffer  : 10
Null Buffer  : 50
Peak Buffer  : 50
Gain         : 8 (fixed)
------------------------

se  help

--- COMMAND HELP ---
set tolerance [value]    - Set tolerance (0.0032 to 0.1)
set quad_buffer [value]  - Set quad buffer (5 to 100)
set null_buffer [value]  - Set null buffer (25 to 500)
set peak_buffer [value]  - Set peak buffer (25 to 500)
save                     - Save current parameters to flash memory
status                   - Show current parameter values
sweep                    - Force a new sweep operation
help                     - Show this help menu
TIP: Add --save to any set command to immediately save to flash
     Example: set tolerance 0.01 --save
--------------------

